<?xml version="1.0" encoding="UTF-8"?>
<!-- Generated by org.testng.reporters.JUnitXMLReporter -->
<testsuite hostname="lenovo-ThinkPad-L480" ignored="0" name="PetStoreAPI" tests="8" failures="0" timestamp="2020-09-06T08:56:23 IST" time="16.088" errors="0">
  <testcase name="petStoreRegister" time="3.247" classname="files.petStoreApiTest"/>
  <testcase name="login" time="1.722" classname="files.petStoreApiTest"/>
  <testcase name="logout" time="1.683" classname="files.petStoreApiTest"/>
  <testcase name="addPet" time="1.687" classname="files.petStoreApiTest"/>
  <testcase name="getPet" time="2.251" classname="files.petStoreApiTest"/>
  <testcase name="uploadPetImage" time="1.758" classname="files.petStoreApiTest"/>
  <testcase name="deletePet" time="1.643" classname="files.petStoreApiTest"/>
  <testcase name="listAlldogs" time="2.044" classname="files.petStoreApiTest"/>
</testsuite> <!-- PetStoreAPI -->
